状态 83 conflicts: 1 shift/reduce


语法

    0 $accept: program $end

    1 program: block "."

    2 block: const_declaration var_declaration procedure_declarations statemente
    3      | const_declaration var_declaration statemente

    4 const_declaration: /* 空 */
    5                  | "CONST" assignments ";"

    6 assignments: IDENT "=" CONST
    7            | IDENT "=" CONST "," assignments

    8 var_declaration: /* 空 */
    9                | "VAR" idents ";"

   10 idents: IDENT
   11       | IDENT "," idents

   12 procedure_declarations: procedure_declaration
   13                       | procedure_declaration procedure_declarations

   14 procedure_declaration: procedure_head block ";"

   15 statemente: /* 空 */
   16           | statement

   17 statement: IDENT ":=" expression
   18          | "CALL" IDENT
   19          | "BEGIN" statements "END"
   20          | "IF" condition "THEN" statemente
   21          | "IF" condition "THEN" statemente "ELSE" statemente
   22          | "WHILE" condition "DO" statemente
   23          | "READ" IDENT
   24          | "WRITE" expression
   25          | expression

   26 statements: statemente
   27           | statemente ";" statements

   28 condition: "ODD" expression
   29          | expression rel_op expression

   30 rel_op: "="
   31       | "<>"
   32       | "<"
   33       | "<="
   34       | ">"
   35       | ">="

   36 add_op: "+"
   37       | "-"

   38 mul_op: "*"
   39       | "/"

   40 expression: terms
   41           | add_op terms

   42 terms: term
   43      | term add_op terms

   44 term: factor
   45     | factor mul_op term

   46 factor: IDENT
   47       | CONST
   48       | "(" expression ")"

   49 procedure_head: "PROCEDURE" IDENT ";"


Terminals, with rules where they appear

$end (0) 0
error (256)
IDENT (258) 6 7 10 11 17 18 23 46 49
CONST (259) 6 7 47
"." (260) 1
"CONST" (261) 5
";" (262) 5 9 14 27 49
"=" (263) 6 7 30
"," (264) 7 11
"VAR" (265) 9
":=" (266) 17
"CALL" (267) 18
"BEGIN" (268) 19
"END" (269) 19
"IF" (270) 20 21
"THEN" (271) 20 21
"ELSE" (272) 21
"WHILE" (273) 22
"DO" (274) 22
"READ" (275) 23
"WRITE" (276) 24
"ODD" (277) 28
"<>" (278) 31
"<" (279) 32
"<=" (280) 33
">" (281) 34
">=" (282) 35
"+" (283) 36
"-" (284) 37
"*" (285) 38
"/" (286) 39
"(" (287) 48
")" (288) 48
"PROCEDURE" (289) 49


Nonterminals, with rules where they appear

$accept (35)
    左： 0
program (36)
    左： 1, 右： 0
block (37)
    左： 2 3, 右： 1 14
const_declaration (38)
    左： 4 5, 右： 2 3
assignments (39)
    左： 6 7, 右： 5 7
var_declaration (40)
    左： 8 9, 右： 2 3
idents (41)
    左： 10 11, 右： 9 11
procedure_declarations (42)
    左： 12 13, 右： 2 13
procedure_declaration (43)
    左： 14, 右： 12 13
statemente (44)
    左： 15 16, 右： 2 3 20 21 22 26 27
statement (45)
    左： 17 18 19 20 21 22 23 24 25, 右： 16
statements (46)
    左： 26 27, 右： 19 27
condition (47)
    左： 28 29, 右： 20 21 22
rel_op (48)
    左： 30 31 32 33 34 35, 右： 29
add_op (49)
    左： 36 37, 右： 41 43
mul_op (50)
    左： 38 39, 右： 45
expression (51)
    左： 40 41, 右： 17 24 25 28 29 48
terms (52)
    左： 42 43, 右： 40 41 43
term (53)
    左： 44 45, 右： 42 43 45
factor (54)
    左： 46 47 48, 右： 44 45
procedure_head (55)
    左： 49, 右： 14


状态 0

    0 $accept: . program $end

    "CONST"  shift, and go to state 1

    $default  reduce using rule 4 (const_declaration)

    program            转到状态 2
    block              转到状态 3
    const_declaration  转到状态 4


状态 1

    5 const_declaration: "CONST" . assignments ";"

    IDENT  shift, and go to state 5

    assignments  转到状态 6


状态 2

    0 $accept: program . $end

    $end  shift, and go to state 7


状态 3

    1 program: block . "."

    "."  shift, and go to state 8


状态 4

    2 block: const_declaration . var_declaration procedure_declarations statemente
    3      | const_declaration . var_declaration statemente

    "VAR"  shift, and go to state 9

    $default  reduce using rule 8 (var_declaration)

    var_declaration  转到状态 10


状态 5

    6 assignments: IDENT . "=" CONST
    7            | IDENT . "=" CONST "," assignments

    "="  shift, and go to state 11


状态 6

    5 const_declaration: "CONST" assignments . ";"

    ";"  shift, and go to state 12


状态 7

    0 $accept: program $end .

    $default  接受


状态 8

    1 program: block "." .

    $default  reduce using rule 1 (program)


状态 9

    9 var_declaration: "VAR" . idents ";"

    IDENT  shift, and go to state 13

    idents  转到状态 14


状态 10

    2 block: const_declaration var_declaration . procedure_declarations statemente
    3      | const_declaration var_declaration . statemente

    IDENT        shift, and go to state 15
    CONST        shift, and go to state 16
    "CALL"       shift, and go to state 17
    "BEGIN"      shift, and go to state 18
    "IF"         shift, and go to state 19
    "WHILE"      shift, and go to state 20
    "READ"       shift, and go to state 21
    "WRITE"      shift, and go to state 22
    "+"          shift, and go to state 23
    "-"          shift, and go to state 24
    "("          shift, and go to state 25
    "PROCEDURE"  shift, and go to state 26

    $default  reduce using rule 15 (statemente)

    procedure_declarations  转到状态 27
    procedure_declaration   转到状态 28
    statemente              转到状态 29
    statement               转到状态 30
    add_op                  转到状态 31
    expression              转到状态 32
    terms                   转到状态 33
    term                    转到状态 34
    factor                  转到状态 35
    procedure_head          转到状态 36


状态 11

    6 assignments: IDENT "=" . CONST
    7            | IDENT "=" . CONST "," assignments

    CONST  shift, and go to state 37


状态 12

    5 const_declaration: "CONST" assignments ";" .

    $default  reduce using rule 5 (const_declaration)


状态 13

   10 idents: IDENT .
   11       | IDENT . "," idents

    ","  shift, and go to state 38

    $default  reduce using rule 10 (idents)


状态 14

    9 var_declaration: "VAR" idents . ";"

    ";"  shift, and go to state 39


状态 15

   17 statement: IDENT . ":=" expression
   46 factor: IDENT .

    ":="  shift, and go to state 40

    $default  reduce using rule 46 (factor)


状态 16

   47 factor: CONST .

    $default  reduce using rule 47 (factor)


状态 17

   18 statement: "CALL" . IDENT

    IDENT  shift, and go to state 41


状态 18

   19 statement: "BEGIN" . statements "END"

    IDENT    shift, and go to state 15
    CONST    shift, and go to state 16
    "CALL"   shift, and go to state 17
    "BEGIN"  shift, and go to state 18
    "IF"     shift, and go to state 19
    "WHILE"  shift, and go to state 20
    "READ"   shift, and go to state 21
    "WRITE"  shift, and go to state 22
    "+"      shift, and go to state 23
    "-"      shift, and go to state 24
    "("      shift, and go to state 25

    $default  reduce using rule 15 (statemente)

    statemente  转到状态 42
    statement   转到状态 30
    statements  转到状态 43
    add_op      转到状态 31
    expression  转到状态 32
    terms       转到状态 33
    term        转到状态 34
    factor      转到状态 35


状态 19

   20 statement: "IF" . condition "THEN" statemente
   21          | "IF" . condition "THEN" statemente "ELSE" statemente

    IDENT  shift, and go to state 44
    CONST  shift, and go to state 16
    "ODD"  shift, and go to state 45
    "+"    shift, and go to state 23
    "-"    shift, and go to state 24
    "("    shift, and go to state 25

    condition   转到状态 46
    add_op      转到状态 31
    expression  转到状态 47
    terms       转到状态 33
    term        转到状态 34
    factor      转到状态 35


状态 20

   22 statement: "WHILE" . condition "DO" statemente

    IDENT  shift, and go to state 44
    CONST  shift, and go to state 16
    "ODD"  shift, and go to state 45
    "+"    shift, and go to state 23
    "-"    shift, and go to state 24
    "("    shift, and go to state 25

    condition   转到状态 48
    add_op      转到状态 31
    expression  转到状态 47
    terms       转到状态 33
    term        转到状态 34
    factor      转到状态 35


状态 21

   23 statement: "READ" . IDENT

    IDENT  shift, and go to state 49


状态 22

   24 statement: "WRITE" . expression

    IDENT  shift, and go to state 44
    CONST  shift, and go to state 16
    "+"    shift, and go to state 23
    "-"    shift, and go to state 24
    "("    shift, and go to state 25

    add_op      转到状态 31
    expression  转到状态 50
    terms       转到状态 33
    term        转到状态 34
    factor      转到状态 35


状态 23

   36 add_op: "+" .

    $default  reduce using rule 36 (add_op)


状态 24

   37 add_op: "-" .

    $default  reduce using rule 37 (add_op)


状态 25

   48 factor: "(" . expression ")"

    IDENT  shift, and go to state 44
    CONST  shift, and go to state 16
    "+"    shift, and go to state 23
    "-"    shift, and go to state 24
    "("    shift, and go to state 25

    add_op      转到状态 31
    expression  转到状态 51
    terms       转到状态 33
    term        转到状态 34
    factor      转到状态 35


状态 26

   49 procedure_head: "PROCEDURE" . IDENT ";"

    IDENT  shift, and go to state 52


状态 27

    2 block: const_declaration var_declaration procedure_declarations . statemente

    IDENT    shift, and go to state 15
    CONST    shift, and go to state 16
    "CALL"   shift, and go to state 17
    "BEGIN"  shift, and go to state 18
    "IF"     shift, and go to state 19
    "WHILE"  shift, and go to state 20
    "READ"   shift, and go to state 21
    "WRITE"  shift, and go to state 22
    "+"      shift, and go to state 23
    "-"      shift, and go to state 24
    "("      shift, and go to state 25

    $default  reduce using rule 15 (statemente)

    statemente  转到状态 53
    statement   转到状态 30
    add_op      转到状态 31
    expression  转到状态 32
    terms       转到状态 33
    term        转到状态 34
    factor      转到状态 35


状态 28

   12 procedure_declarations: procedure_declaration .
   13                       | procedure_declaration . procedure_declarations

    "PROCEDURE"  shift, and go to state 26

    $default  reduce using rule 12 (procedure_declarations)

    procedure_declarations  转到状态 54
    procedure_declaration   转到状态 28
    procedure_head          转到状态 36


状态 29

    3 block: const_declaration var_declaration statemente .

    $default  reduce using rule 3 (block)


状态 30

   16 statemente: statement .

    $default  reduce using rule 16 (statemente)


状态 31

   41 expression: add_op . terms

    IDENT  shift, and go to state 44
    CONST  shift, and go to state 16
    "("    shift, and go to state 25

    terms   转到状态 55
    term    转到状态 34
    factor  转到状态 35


状态 32

   25 statement: expression .

    $default  reduce using rule 25 (statement)


状态 33

   40 expression: terms .

    $default  reduce using rule 40 (expression)


状态 34

   42 terms: term .
   43      | term . add_op terms

    "+"  shift, and go to state 23
    "-"  shift, and go to state 24

    $default  reduce using rule 42 (terms)

    add_op  转到状态 56


状态 35

   44 term: factor .
   45     | factor . mul_op term

    "*"  shift, and go to state 57
    "/"  shift, and go to state 58

    $default  reduce using rule 44 (term)

    mul_op  转到状态 59


状态 36

   14 procedure_declaration: procedure_head . block ";"

    "CONST"  shift, and go to state 1

    $default  reduce using rule 4 (const_declaration)

    block              转到状态 60
    const_declaration  转到状态 4


状态 37

    6 assignments: IDENT "=" CONST .
    7            | IDENT "=" CONST . "," assignments

    ","  shift, and go to state 61

    $default  reduce using rule 6 (assignments)


状态 38

   11 idents: IDENT "," . idents

    IDENT  shift, and go to state 13

    idents  转到状态 62


状态 39

    9 var_declaration: "VAR" idents ";" .

    $default  reduce using rule 9 (var_declaration)


状态 40

   17 statement: IDENT ":=" . expression

    IDENT  shift, and go to state 44
    CONST  shift, and go to state 16
    "+"    shift, and go to state 23
    "-"    shift, and go to state 24
    "("    shift, and go to state 25

    add_op      转到状态 31
    expression  转到状态 63
    terms       转到状态 33
    term        转到状态 34
    factor      转到状态 35


状态 41

   18 statement: "CALL" IDENT .

    $default  reduce using rule 18 (statement)


状态 42

   26 statements: statemente .
   27           | statemente . ";" statements

    ";"  shift, and go to state 64

    $default  reduce using rule 26 (statements)


状态 43

   19 statement: "BEGIN" statements . "END"

    "END"  shift, and go to state 65


状态 44

   46 factor: IDENT .

    $default  reduce using rule 46 (factor)


状态 45

   28 condition: "ODD" . expression

    IDENT  shift, and go to state 44
    CONST  shift, and go to state 16
    "+"    shift, and go to state 23
    "-"    shift, and go to state 24
    "("    shift, and go to state 25

    add_op      转到状态 31
    expression  转到状态 66
    terms       转到状态 33
    term        转到状态 34
    factor      转到状态 35


状态 46

   20 statement: "IF" condition . "THEN" statemente
   21          | "IF" condition . "THEN" statemente "ELSE" statemente

    "THEN"  shift, and go to state 67


状态 47

   29 condition: expression . rel_op expression

    "="   shift, and go to state 68
    "<>"  shift, and go to state 69
    "<"   shift, and go to state 70
    "<="  shift, and go to state 71
    ">"   shift, and go to state 72
    ">="  shift, and go to state 73

    rel_op  转到状态 74


状态 48

   22 statement: "WHILE" condition . "DO" statemente

    "DO"  shift, and go to state 75


状态 49

   23 statement: "READ" IDENT .

    $default  reduce using rule 23 (statement)


状态 50

   24 statement: "WRITE" expression .

    $default  reduce using rule 24 (statement)


状态 51

   48 factor: "(" expression . ")"

    ")"  shift, and go to state 76


状态 52

   49 procedure_head: "PROCEDURE" IDENT . ";"

    ";"  shift, and go to state 77


状态 53

    2 block: const_declaration var_declaration procedure_declarations statemente .

    $default  reduce using rule 2 (block)


状态 54

   13 procedure_declarations: procedure_declaration procedure_declarations .

    $default  reduce using rule 13 (procedure_declarations)


状态 55

   41 expression: add_op terms .

    $default  reduce using rule 41 (expression)


状态 56

   43 terms: term add_op . terms

    IDENT  shift, and go to state 44
    CONST  shift, and go to state 16
    "("    shift, and go to state 25

    terms   转到状态 78
    term    转到状态 34
    factor  转到状态 35


状态 57

   38 mul_op: "*" .

    $default  reduce using rule 38 (mul_op)


状态 58

   39 mul_op: "/" .

    $default  reduce using rule 39 (mul_op)


状态 59

   45 term: factor mul_op . term

    IDENT  shift, and go to state 44
    CONST  shift, and go to state 16
    "("    shift, and go to state 25

    term    转到状态 79
    factor  转到状态 35


状态 60

   14 procedure_declaration: procedure_head block . ";"

    ";"  shift, and go to state 80


状态 61

    7 assignments: IDENT "=" CONST "," . assignments

    IDENT  shift, and go to state 5

    assignments  转到状态 81


状态 62

   11 idents: IDENT "," idents .

    $default  reduce using rule 11 (idents)


状态 63

   17 statement: IDENT ":=" expression .

    $default  reduce using rule 17 (statement)


状态 64

   27 statements: statemente ";" . statements

    IDENT    shift, and go to state 15
    CONST    shift, and go to state 16
    "CALL"   shift, and go to state 17
    "BEGIN"  shift, and go to state 18
    "IF"     shift, and go to state 19
    "WHILE"  shift, and go to state 20
    "READ"   shift, and go to state 21
    "WRITE"  shift, and go to state 22
    "+"      shift, and go to state 23
    "-"      shift, and go to state 24
    "("      shift, and go to state 25

    $default  reduce using rule 15 (statemente)

    statemente  转到状态 42
    statement   转到状态 30
    statements  转到状态 82
    add_op      转到状态 31
    expression  转到状态 32
    terms       转到状态 33
    term        转到状态 34
    factor      转到状态 35


状态 65

   19 statement: "BEGIN" statements "END" .

    $default  reduce using rule 19 (statement)


状态 66

   28 condition: "ODD" expression .

    $default  reduce using rule 28 (condition)


状态 67

   20 statement: "IF" condition "THEN" . statemente
   21          | "IF" condition "THEN" . statemente "ELSE" statemente

    IDENT    shift, and go to state 15
    CONST    shift, and go to state 16
    "CALL"   shift, and go to state 17
    "BEGIN"  shift, and go to state 18
    "IF"     shift, and go to state 19
    "WHILE"  shift, and go to state 20
    "READ"   shift, and go to state 21
    "WRITE"  shift, and go to state 22
    "+"      shift, and go to state 23
    "-"      shift, and go to state 24
    "("      shift, and go to state 25

    $default  reduce using rule 15 (statemente)

    statemente  转到状态 83
    statement   转到状态 30
    add_op      转到状态 31
    expression  转到状态 32
    terms       转到状态 33
    term        转到状态 34
    factor      转到状态 35


状态 68

   30 rel_op: "=" .

    $default  reduce using rule 30 (rel_op)


状态 69

   31 rel_op: "<>" .

    $default  reduce using rule 31 (rel_op)


状态 70

   32 rel_op: "<" .

    $default  reduce using rule 32 (rel_op)


状态 71

   33 rel_op: "<=" .

    $default  reduce using rule 33 (rel_op)


状态 72

   34 rel_op: ">" .

    $default  reduce using rule 34 (rel_op)


状态 73

   35 rel_op: ">=" .

    $default  reduce using rule 35 (rel_op)


状态 74

   29 condition: expression rel_op . expression

    IDENT  shift, and go to state 44
    CONST  shift, and go to state 16
    "+"    shift, and go to state 23
    "-"    shift, and go to state 24
    "("    shift, and go to state 25

    add_op      转到状态 31
    expression  转到状态 84
    terms       转到状态 33
    term        转到状态 34
    factor      转到状态 35


状态 75

   22 statement: "WHILE" condition "DO" . statemente

    IDENT    shift, and go to state 15
    CONST    shift, and go to state 16
    "CALL"   shift, and go to state 17
    "BEGIN"  shift, and go to state 18
    "IF"     shift, and go to state 19
    "WHILE"  shift, and go to state 20
    "READ"   shift, and go to state 21
    "WRITE"  shift, and go to state 22
    "+"      shift, and go to state 23
    "-"      shift, and go to state 24
    "("      shift, and go to state 25

    $default  reduce using rule 15 (statemente)

    statemente  转到状态 85
    statement   转到状态 30
    add_op      转到状态 31
    expression  转到状态 32
    terms       转到状态 33
    term        转到状态 34
    factor      转到状态 35


状态 76

   48 factor: "(" expression ")" .

    $default  reduce using rule 48 (factor)


状态 77

   49 procedure_head: "PROCEDURE" IDENT ";" .

    $default  reduce using rule 49 (procedure_head)


状态 78

   43 terms: term add_op terms .

    $default  reduce using rule 43 (terms)


状态 79

   45 term: factor mul_op term .

    $default  reduce using rule 45 (term)


状态 80

   14 procedure_declaration: procedure_head block ";" .

    $default  reduce using rule 14 (procedure_declaration)


状态 81

    7 assignments: IDENT "=" CONST "," assignments .

    $default  reduce using rule 7 (assignments)


状态 82

   27 statements: statemente ";" statements .

    $default  reduce using rule 27 (statements)


状态 83

   20 statement: "IF" condition "THEN" statemente .
   21          | "IF" condition "THEN" statemente . "ELSE" statemente

    "ELSE"  shift, and go to state 86

    "ELSE"    [reduce using rule 20 (statement)]
    $default  reduce using rule 20 (statement)


状态 84

   29 condition: expression rel_op expression .

    $default  reduce using rule 29 (condition)


状态 85

   22 statement: "WHILE" condition "DO" statemente .

    $default  reduce using rule 22 (statement)


状态 86

   21 statement: "IF" condition "THEN" statemente "ELSE" . statemente

    IDENT    shift, and go to state 15
    CONST    shift, and go to state 16
    "CALL"   shift, and go to state 17
    "BEGIN"  shift, and go to state 18
    "IF"     shift, and go to state 19
    "WHILE"  shift, and go to state 20
    "READ"   shift, and go to state 21
    "WRITE"  shift, and go to state 22
    "+"      shift, and go to state 23
    "-"      shift, and go to state 24
    "("      shift, and go to state 25

    $default  reduce using rule 15 (statemente)

    statemente  转到状态 87
    statement   转到状态 30
    add_op      转到状态 31
    expression  转到状态 32
    terms       转到状态 33
    term        转到状态 34
    factor      转到状态 35


状态 87

   21 statement: "IF" condition "THEN" statemente "ELSE" statemente .

    $default  reduce using rule 21 (statement)
